Build started 31/10/2012 10:19:26 PM.
     1>Project "C:\Users\Janic\Documents\LoveCraft\LoveCraft\LoveCraft\LoveCraft.vcxproj" on node 2 (Build target(s)).
     1>ClCompile:
         C:\Program Files (x86)\Microsoft Visual Studio 11.0\VC\bin\CL.exe /c /ZI /nologo /W3 /WX- /Od /Oy- /D WIN32 /D _DEBUG /D _CONSOLE /D _UNICODE /D UNICODE /Gm /EHsc /RTC1 /MDd /GS /fp:precise /Zc:wchar_t /Zc:forScope /Fo"Debug\\" /Fd"Debug\vc110.pdb" /Gd /TP /analyze- /errorReport:prompt BlocArray3d.cpp BlocInfo.cpp Chunk.cpp main.cpp
         Chunk.cpp
         Generating Code...
         Compiling...
         main.cpp
         BlocInfo.cpp
         BlocArray3d.cpp
         Generating Code...
       Link:
         C:\Program Files (x86)\Microsoft Visual Studio 11.0\VC\bin\link.exe /ERRORREPORT:PROMPT /OUT:"C:\Users\Janic\Documents\LoveCraft\LoveCraft\Debug\LoveCraft.exe" /INCREMENTAL /NOLOGO kernel32.lib user32.lib gdi32.lib winspool.lib comdlg32.lib advapi32.lib shell32.lib ole32.lib oleaut32.lib uuid.lib odbc32.lib odbccp32.lib /MANIFEST /MANIFESTUAC:"level='asInvoker' uiAccess='false'" /manifest:embed /DEBUG /PDB:"C:\Users\Janic\Documents\LoveCraft\LoveCraft\Debug\LoveCraft.pdb" /SUBSYSTEM:CONSOLE /TLBID:1 /DYNAMICBASE /NXCOMPAT /IMPLIB:"C:\Users\Janic\Documents\LoveCraft\LoveCraft\Debug\LoveCraft.lib" /MACHINE:X86 Debug\main.obj
         Debug\BlocInfo.obj
         Debug\BlocArray3d.obj
         Debug\Chunk.obj
         LoveCraft.vcxproj -> C:\Users\Janic\Documents\LoveCraft\LoveCraft\Debug\LoveCraft.exe
     1>Done Building Project "C:\Users\Janic\Documents\LoveCraft\LoveCraft\LoveCraft\LoveCraft.vcxproj" (Build target(s)).

Build succeeded.

Time Elapsed 00:00:01.54
